\BOOKMARK [1][-]{section.1}{1 概要}{}% 1
\BOOKMARK [1][-]{section.2}{2 超新星爆発}{}% 2
\BOOKMARK [2][-]{subsection.2.1}{2.1 恒星内部の核融合反応}{section.2}% 3
\BOOKMARK [2][-]{subsection.2.2}{2.2 超新星}{section.2}% 4
\BOOKMARK [2][-]{subsection.2.3}{2.3 非球対称な超新星爆発}{section.2}% 5
\BOOKMARK [1][-]{section.3}{3 超新星残骸}{}% 6
\BOOKMARK [2][-]{subsection.3.1}{3.1 導入}{section.3}% 7
\BOOKMARK [2][-]{subsection.3.2}{3.2 光学的に薄いプラズマ}{section.3}% 8
\BOOKMARK [2][-]{subsection.3.3}{3.3 超新星残骸における物理現象}{section.3}% 9
\BOOKMARK [1][-]{section.4}{4 超新星残骸 G350.1-0.3}{}% 10
\BOOKMARK [2][-]{subsection.4.1}{4.1 概要}{section.4}% 11
\BOOKMARK [1][-]{section.5}{5 Chandra X線観測衛星}{}% 12
\BOOKMARK [2][-]{subsection.5.1}{5.1 概要}{section.5}% 13
\BOOKMARK [2][-]{subsection.5.2}{5.2 ACIS}{section.5}% 14
\BOOKMARK [2][-]{subsection.5.3}{5.3 HRMA}{section.5}% 15
\BOOKMARK [2][-]{subsection.5.4}{5.4 エネルギー分解能}{section.5}% 16
\BOOKMARK [2][-]{subsection.5.5}{5.5 エネルギー分解能のキャリブレーション不定性}{section.5}% 17
\BOOKMARK [1][-]{section.6}{6 Chandra によるX線解析}{}% 18
\BOOKMARK [2][-]{subsection.6.1}{6.1 イメージ解析}{section.6}% 19
\BOOKMARK [2][-]{subsection.6.2}{6.2 スペクトル解析}{section.6}% 20
\BOOKMARK [1][-]{section.7}{7 議論}{}% 21
\BOOKMARK [2][-]{subsection.7.1}{7.1 イジェクタの視線方向の速度}{section.7}% 22
\BOOKMARK [2][-]{subsection.7.2}{7.2 プラズマの年齢依存性}{section.7}% 23
\BOOKMARK [2][-]{subsection.7.3}{7.3 エネルギー中心値における温度・電離パラメーター依存性}{section.7}% 24
\BOOKMARK [2][-]{subsection.7.4}{7.4 輝線のエネルギー中心値シフトのシナリオの検証}{section.7}% 25
\BOOKMARK [2][-]{subsection.7.5}{7.5 非球対称超新星爆発モデルとの比較}{section.7}% 26
\BOOKMARK [1][-]{section.8}{8 今後の展望}{}% 27
\BOOKMARK [2][-]{subsection.8.1}{8.1 ひとみ代替機による観測シミュレーション}{section.8}% 28
\BOOKMARK [2][-]{subsection.8.2}{8.2 時間変動解析}{section.8}% 29
